
> iridescence-app@0.1.0 dev
> next dev

▲ Next.js 16.1.3 (Turbopack)
- Local:         http://localhost:3000
- Network:       http://10.0.2.121:3000

✓ Starting...
Attention: Next.js now collects completely anonymous telemetry regarding usage.
This information is used to shape Next.js' roadmap and prioritize features.
You can learn more, including how to opt-out if you'd not like to participate in this anonymous program, by visiting the following URL:
https://nextjs.org/telemetry

✓ Ready in 6.8s
○ Compiling / ...
 GET / 200 in 7.7s (compile: 7.5s, render: 179ms)
 GET /api/hello 200 in 1718ms (compile: 1672ms, render: 46ms)
 GET / 200 in 119ms (compile: 21ms, render: 98ms)
 GET /api/hello 200 in 15ms (compile: 5ms, render: 10ms)
 GET / 200 in 85ms (compile: 7ms, render: 78ms)
 GET /api/hello 200 in 11ms (compile: 6ms, render: 5ms)
✓ Compiled in 71ms
 GET / 200 in 338ms (compile: 259ms, render: 79ms)
 GET / 200 in 74ms (compile: 5ms, render: 69ms)
✓ Compiled in 250ms
✓ Compiled in 47ms
 GET / 200 in 397ms (compile: 151ms, render: 246ms)
 GET /api/hello 200 in 21ms (compile: 14ms, render: 8ms)
 GET / 200 in 100ms (compile: 8ms, render: 92ms)
 GET /api/hello 200 in 20ms (compile: 11ms, render: 9ms)
 GET / 200 in 77ms (compile: 3ms, render: 74ms)
 GET /api/hello 200 in 8ms (compile: 2ms, render: 6ms)
 GET / 200 in 106ms (compile: 9ms, render: 97ms)
 GET /api/hello 200 in 18ms (compile: 3ms, render: 14ms)
